Added Component: Designator=D5(SOD-323)
Add component. Clean all parameters for all variants
Added Component: Designator=Q6(SOT23-3)
Add component. Clean all parameters for all variants
Added Component: Designator=R27(RES_0402)
Add component. Clean all parameters for all variants
Add component (AddParameter): Name = "Value"; Value = "22R"; VariantName = "[No Variations]"
Added Component: Designator=R28(RES_0402)
Add component. Clean all parameters for all variants
Add component (AddParameter): Name = "Value"; Value = "22R"; VariantName = "[No Variations]"
Added Component: Designator=R29(RES_0402)
Add component. Clean all parameters for all variants
Add component (AddParameter): Name = "Value"; Value = "22R"; VariantName = "[No Variations]"
Added Pin To Net: NetName=VUSB Pin=D5-1
Added Pin To Net: NetName=VCC_SYS_IN Pin=D5-2
Added Pin To Net: NetName=VUSB Pin=Q6-1
Added Pin To Net: NetName=VCC_SYS_IN Pin=Q6-2
Added Pin To Net: NetName=VBAT_IN Pin=Q6-3
Added Pin To Net: NetName=GND Pin=R27-1
Added Pin To Net: NetName=VUSB Pin=R27-2
Added Pin To Net: NetName=CHG_DET Pin=R28-1
Added Pin To Net: NetName=GND Pin=R28-2
Added Pin To Net: NetName=NetR10_2 Pin=R29-1
Added Pin To Net: NetName=CHG_DET Pin=R29-2
Added Member To Class: ClassName=Main Member=Component D5 ¶þ¼«¹Ü-5819W
Added Member To Class: ClassName=Main Member=Component Q6 AO3401A
Added Member To Class: ClassName=Main Member=Component R27 10K
Added Member To Class: ClassName=Main Member=Component R28 10K
Added Member To Class: ClassName=Main Member=Component R29 10K
