Removed Pin From Net: NetName=VCC_3V3 Pin=C12-1
Removed Pin From Net: NetName=GND Pin=C12-2
Removed Pin From Net: NetName=GND Pin=C13-2
Removed Pin From Net: NetName=GND Pin=C14-1
Removed Pin From Net: NetName=GND Pin=C15-1
Removed Pin From Net: NetName=VCC_3V3 Pin=C15-2
Removed Pin From Net: NetName=GND Pin=U5-1
Removed Pin From Net: NetName=VCC_3V3 Pin=U5-8
Removed Pin From Net: NetName=GND Pin=U5-9
Removed Pin From Net: NetName=GND Pin=U5-11
Removed Pin From Net: NetName=VCC_3V3 Pin=U5-13
Removed Pin From Net: NetName=GND Pin=U5-18
Removed Pin From Net: NetName=GPIO33 Pin=U5-23
Removed Pin From Net: NetName=GPIO32 Pin=U5-24
Removed Member From Class: ClassName=Main Member=C15
Removed Member From Class: ClassName=Main Member=U5
Change Component Comment : Designator=C13 Old Comment=0.1uF New Comment=Cap_0603
Change Component Comment : Designator=C14 Old Comment=2.2nF New Comment=Cap_0603
Change Component Comment : Designator=C12 Old Comment=10nF New Comment=Cap_0603
Change component parameters: Designator = "C12"; Footprint = "CAP_0402"; UniqueID = "\PPBIMJUU"
Change component parameters. Clean all parameters for all variants
Change component parameters (AddParameter): Name = "Value"; Value = "10n"; VariantName = "[No Variations]"
Added Component: Designator=MPU9250(QFN_P0.4_24)
Add component. Clean all parameters for all variants
Added Component: Designator=R30(RES_0402)
Add component. Clean all parameters for all variants
Add component (AddParameter): Name = "LatestRevisionDate"; Value = "17-Jul-2002"; VariantName = "[No Variations]"
Add component (AddParameter): Name = "LatestRevisionNote"; Value = "Re-released for DXP Platform."; VariantName = "[No Variations]"
Add component (AddParameter): Name = "PackageReference"; Value = "AXIAL-0.4"; VariantName = "[No Variations]"
Add component (AddParameter): Name = "Published"; Value = "8-Jun-2000"; VariantName = "[No Variations]"
Add component (AddParameter): Name = "Publisher"; Value = "Altium Limited"; VariantName = "[No Variations]"
Add component (AddParameter): Name = "Value"; Value = "4.7K"; VariantName = "[No Variations]"
Added Component: Designator=R31(RES_0402)
Add component. Clean all parameters for all variants
Add component (AddParameter): Name = "LatestRevisionDate"; Value = "17-Jul-2002"; VariantName = "[No Variations]"
Add component (AddParameter): Name = "LatestRevisionNote"; Value = "Re-released for DXP Platform."; VariantName = "[No Variations]"
Add component (AddParameter): Name = "PackageReference"; Value = "AXIAL-0.4"; VariantName = "[No Variations]"
Add component (AddParameter): Name = "Published"; Value = "8-Jun-2000"; VariantName = "[No Variations]"
Add component (AddParameter): Name = "Publisher"; Value = "Altium Limited"; VariantName = "[No Variations]"
Add component (AddParameter): Name = "Value"; Value = "4.7K"; VariantName = "[No Variations]"
Added Component: Designator=R32(RES_0402)
Add component. Clean all parameters for all variants
Add component (AddParameter): Name = "LatestRevisionDate"; Value = "17-Jul-2002"; VariantName = "[No Variations]"
Add component (AddParameter): Name = "LatestRevisionNote"; Value = "Re-released for DXP Platform."; VariantName = "[No Variations]"
Add component (AddParameter): Name = "PackageReference"; Value = "AXIAL-0.4"; VariantName = "[No Variations]"
Add component (AddParameter): Name = "Published"; Value = "8-Jun-2000"; VariantName = "[No Variations]"
Add component (AddParameter): Name = "Publisher"; Value = "Altium Limited"; VariantName = "[No Variations]"
Add component (AddParameter): Name = "Value"; Value = "10K"; VariantName = "[No Variations]"
Added Component: Designator=R33(RES_0402)
Add component. Clean all parameters for all variants
Add component (AddParameter): Name = "LatestRevisionDate"; Value = "17-Jul-2002"; VariantName = "[No Variations]"
Add component (AddParameter): Name = "LatestRevisionNote"; Value = "Re-released for DXP Platform."; VariantName = "[No Variations]"
Add component (AddParameter): Name = "PackageReference"; Value = "AXIAL-0.4"; VariantName = "[No Variations]"
Add component (AddParameter): Name = "Published"; Value = "8-Jun-2000"; VariantName = "[No Variations]"
Add component (AddParameter): Name = "Publisher"; Value = "Altium Limited"; VariantName = "[No Variations]"
Add component (AddParameter): Name = "Value"; Value = "10K"; VariantName = "[No Variations]"
Added Component: Designator=R34(RES_0402)
Add component. Clean all parameters for all variants
Add component (AddParameter): Name = "LatestRevisionDate"; Value = "17-Jul-2002"; VariantName = "[No Variations]"
Add component (AddParameter): Name = "LatestRevisionNote"; Value = "Re-released for DXP Platform."; VariantName = "[No Variations]"
Add component (AddParameter): Name = "PackageReference"; Value = "AXIAL-0.4"; VariantName = "[No Variations]"
Add component (AddParameter): Name = "Published"; Value = "8-Jun-2000"; VariantName = "[No Variations]"
Add component (AddParameter): Name = "Publisher"; Value = "Altium Limited"; VariantName = "[No Variations]"
Add component (AddParameter): Name = "Value"; Value = "10K"; VariantName = "[No Variations]"
Added Pin To Net: NetName=GND Pin=C12-1
Added Pin To Net: NetName=VCC_3V3 Pin=C12-2
Added Pin To Net: NetName=GND Pin=C13-1
Added Pin To Net: NetName=VCC_3V3 Pin=C14-1
Added Pin To Net: NetName=GND Pin=C14-2
Added Pin To Net: NetName=VCC_3V3 Pin=MPU9250-1
Added Pin To Net: NetName=VCC_3V3 Pin=MPU9250-8
Added Pin To Net: NetName=VCC_3V3 Pin=MPU9250-13
Added Pin To Net: NetName=GND Pin=MPU9250-18
Added Pin To Net: NetName=GND Pin=MPU9250-20
Added Pin To Net: NetName=GPIO33 Pin=MPU9250-23
Added Pin To Net: NetName=GPIO32 Pin=MPU9250-24
Added Pin To Net: NetName=VCC_3V3 Pin=R30-1
Added Pin To Net: NetName=GPIO32 Pin=R30-2
Added Pin To Net: NetName=VCC_3V3 Pin=R31-1
Added Pin To Net: NetName=GPIO33 Pin=R31-2
Added Pin To Net: NetName=GND Pin=R32-2
Added Pin To Net: NetName=GND Pin=R33-1
Added Pin To Net: NetName=VCC_3V3 Pin=R34-1
Added Pin To Net: NetName=M_CS Pin=MPU9250-22
Added Pin To Net: NetName=M_CS Pin=R34-2
Added Net: Name=M_CS
Added Pin To Net: NetName=M_SDO Pin=MPU9250-9
Added Pin To Net: NetName=M_SDO Pin=R33-2
Added Net: Name=M_SDO
Added Pin To Net: NetName=NetC13_2 Pin=C13-2
Added Pin To Net: NetName=NetC13_2 Pin=MPU9250-10
Added Net: Name=NetC13_2
Added Pin To Net: NetName=NetMPU9250_11 Pin=MPU9250-11
Added Pin To Net: NetName=NetMPU9250_11 Pin=R32-1
Added Net: Name=NetMPU9250_11
Added Member To Class: ClassName=Main Member=Component MPU9250
Added Member To Class: ClassName=Main Member=Component R30 
Added Member To Class: ClassName=Main Member=Component R31 
Added Member To Class: ClassName=Main Member=Component R32 
Added Member To Class: ClassName=Main Member=Component R33 
Added Member To Class: ClassName=Main Member=Component R34 
Added Room: Name=Main
